[0m01:50:49.501794 [debug] [MainThread]: Sending event: {'category': 'dbt', 'action': 'invocation', 'label': 'start', 'context': [<snowplow_tracker.self_describing_json.SelfDescribingJson object at 0x0000016E3535EAD0>, <snowplow_tracker.self_describing_json.SelfDescribingJson object at 0x0000016E3770EE50>, <snowplow_tracker.self_describing_json.SelfDescribingJson object at 0x0000016E388F1B50>]}


============================== 01:50:49.539750 | 2d30193c-88b0-4409-b55f-c7fa2d2e8cd4 ==============================
[0m01:50:49.539750 [info ] [MainThread]: Running with dbt=1.11.3
[0m01:50:49.539750 [debug] [MainThread]: running dbt with arguments {'version_check': 'True', 'no_print': 'None', 'static_parser': 'True', 'target_path': 'None', 'warn_error_options': 'WarnErrorOptionsV2(error=[], warn=[], silence=[])', 'printer_width': '80', 'write_json': 'True', 'introspect': 'True', 'log_cache_events': 'False', 'empty': 'None', 'cache_selected_only': 'False', 'log_format': 'default', 'debug': 'False', 'fail_fast': 'False', 'profiles_dir': 'C:\\Users\\Prakr\\.dbt', 'send_anonymous_usage_stats': 'True', 'quiet': 'False', 'warn_error': 'None', 'partial_parse': 'True', 'use_colors': 'True', 'indirect_selection': 'eager', 'invocation_command': 'dbt init', 'use_experimental_parser': 'False', 'log_path': 'logs'}
[0m01:50:50.071760 [info ] [MainThread]: Creating dbt configuration folder at C:\Users\Prakr\.dbt
[0m01:51:11.481588 [debug] [MainThread]: Starter project path: C:\Prakriti Jain\Project\DBT_Project\.venv\Lib\site-packages\dbt\include\starter_project
[0m01:51:11.545969 [info ] [MainThread]: 
Your new dbt project "DBT_Project_youtube" was created!

For more information on how to configure the profiles.yml file,
please consult the dbt documentation here:

  https://docs.getdbt.com/docs/configure-your-profile

One more thing:

Need help? Don't hesitate to reach out to us via GitHub issues or on Slack:

  https://community.getdbt.com/

Happy modeling!

[0m01:51:11.548603 [info ] [MainThread]: Setting up your profile.
[0m01:51:16.856926 [debug] [MainThread]: Spark adapter: Setting pyhive.hive logging to ERROR
[0m01:51:16.856926 [debug] [MainThread]: Spark adapter: Setting thrift.transport logging to ERROR
[0m01:51:16.856926 [debug] [MainThread]: Spark adapter: Setting thrift.protocol logging to ERROR
[0m01:56:42.935273 [info ] [MainThread]: Profile DBT_Project_youtube written to C:\Users\Prakr\.dbt\profiles.yml using target's profile_template.yml and your supplied values. Run 'dbt debug' to validate the connection.
[0m01:56:42.955710 [debug] [MainThread]: Command `dbt init` succeeded at 01:56:42.953991 after 353.56 seconds
[0m01:56:42.957189 [debug] [MainThread]: Sending event: {'category': 'dbt', 'action': 'invocation', 'label': 'end', 'context': [<snowplow_tracker.self_describing_json.SelfDescribingJson object at 0x0000016E38B5D810>, <snowplow_tracker.self_describing_json.SelfDescribingJson object at 0x0000016E38BDAA10>, <snowplow_tracker.self_describing_json.SelfDescribingJson object at 0x0000016E38BDBE50>]}
[0m01:56:42.961335 [debug] [MainThread]: Flushing usage events
[0m01:56:43.574341 [debug] [MainThread]: An error was encountered while trying to flush usage events
[0m01:57:15.779536 [debug] [MainThread]: Sending event: {'category': 'dbt', 'action': 'invocation', 'label': 'start', 'context': [<snowplow_tracker.self_describing_json.SelfDescribingJson object at 0x000002084D22B6D0>, <snowplow_tracker.self_describing_json.SelfDescribingJson object at 0x000002084D1D21D0>, <snowplow_tracker.self_describing_json.SelfDescribingJson object at 0x000002084D22BF50>]}


============================== 01:57:15.789515 | f86fd0be-e040-46ba-8548-100a1cefc087 ==============================
[0m01:57:15.789515 [info ] [MainThread]: Running with dbt=1.11.3
[0m01:57:15.789515 [debug] [MainThread]: running dbt with arguments {'version_check': 'True', 'no_print': 'None', 'static_parser': 'True', 'warn_error_options': 'WarnErrorOptionsV2(error=[], warn=[], silence=[])', 'target_path': 'None', 'printer_width': '80', 'write_json': 'True', 'introspect': 'True', 'log_cache_events': 'False', 'empty': 'None', 'cache_selected_only': 'False', 'log_format': 'default', 'debug': 'False', 'fail_fast': 'False', 'profiles_dir': 'C:\\Users\\Prakr\\.dbt', 'send_anonymous_usage_stats': 'True', 'quiet': 'False', 'warn_error': 'None', 'partial_parse': 'True', 'use_colors': 'True', 'indirect_selection': 'eager', 'invocation_command': 'dbt debug', 'use_experimental_parser': 'False', 'log_path': 'logs'}
[0m01:57:15.861395 [info ] [MainThread]: dbt version: 1.11.3
[0m01:57:15.862543 [info ] [MainThread]: python version: 3.11.3
[0m01:57:15.863123 [info ] [MainThread]: python path: C:\Prakriti Jain\Project\DBT_Project\.venv\Scripts\python.exe
[0m01:57:15.863123 [info ] [MainThread]: os info: Windows-10-10.0.26200-SP0
[0m01:57:17.005774 [debug] [MainThread]: Spark adapter: Setting pyhive.hive logging to ERROR
[0m01:57:17.005774 [debug] [MainThread]: Spark adapter: Setting thrift.transport logging to ERROR
[0m01:57:17.005774 [debug] [MainThread]: Spark adapter: Setting thrift.protocol logging to ERROR
[0m01:57:18.220395 [info ] [MainThread]: Using profiles dir at C:\Users\Prakr\.dbt
[0m01:57:18.220395 [info ] [MainThread]: Using profiles.yml file at C:\Users\Prakr\.dbt\profiles.yml
[0m01:57:18.221925 [info ] [MainThread]: Using dbt_project.yml file at C:\Prakriti Jain\Project\DBT_Project\dbt_project.yml
[0m01:57:18.222938 [info ] [MainThread]: adapter type: databricks
[0m01:57:18.223445 [info ] [MainThread]: adapter version: 1.10.9
[0m01:57:18.223445 [info ] [MainThread]: Configuration:
[0m01:57:18.223445 [info ] [MainThread]:   profiles.yml file [[32mOK found and valid[0m]
[0m01:57:18.223445 [info ] [MainThread]:   dbt_project.yml file [[31mERROR not found[0m]
[0m01:57:18.223445 [info ] [MainThread]: Required dependencies:
[0m01:57:18.223445 [debug] [MainThread]: Executing "git --help"
[0m01:57:18.275285 [debug] [MainThread]: STDOUT: "b"usage: git [-v | --version] [-h | --help] [-C <path>] [-c <name>=<value>]\n           [--exec-path[=<path>]] [--html-path] [--man-path] [--info-path]\n           [-p | --paginate | -P | --no-pager] [--no-replace-objects] [--bare]\n           [--git-dir=<path>] [--work-tree=<path>] [--namespace=<name>]\n           [--config-env=<name>=<envvar>] <command> [<args>]\n\nThese are common Git commands used in various situations:\n\nstart a working area (see also: git help tutorial)\n   clone     Clone a repository into a new directory\n   init      Create an empty Git repository or reinitialize an existing one\n\nwork on the current change (see also: git help everyday)\n   add       Add file contents to the index\n   mv        Move or rename a file, a directory, or a symlink\n   restore   Restore working tree files\n   rm        Remove files from the working tree and from the index\n\nexamine the history and state (see also: git help revisions)\n   bisect    Use binary search to find the commit that introduced a bug\n   diff      Show changes between commits, commit and working tree, etc\n   grep      Print lines matching a pattern\n   log       Show commit logs\n   show      Show various types of objects\n   status    Show the working tree status\n\ngrow, mark and tweak your common history\n   branch    List, create, or delete branches\n   commit    Record changes to the repository\n   merge     Join two or more development histories together\n   rebase    Reapply commits on top of another base tip\n   reset     Reset current HEAD to the specified state\n   switch    Switch branches\n   tag       Create, list, delete or verify a tag object signed with GPG\n\ncollaborate (see also: git help workflows)\n   fetch     Download objects and refs from another repository\n   pull      Fetch from and integrate with another repository or a local branch\n   push      Update remote refs along with associated objects\n\n'git help -a' and 'git help -g' list available subcommands and some\nconcept guides. See 'git help <command>' or 'git help <concept>'\nto read about a specific subcommand or concept.\nSee 'git help git' for an overview of the system.\n""
[0m01:57:18.279551 [debug] [MainThread]: STDERR: "b''"
[0m01:57:18.279551 [info ] [MainThread]:  - git [[32mOK found[0m]

[0m01:57:18.279551 [info ] [MainThread]: Connection:
[0m01:57:18.279551 [info ] [MainThread]:   host: dbc-ff27e36f-d8ef.cloud.databricks.com
[0m01:57:18.279551 [info ] [MainThread]:   http_path: /sql/1.0/warehouses/470cb9c63ec65225
[0m01:57:18.279551 [info ] [MainThread]:   catalog: dbt_project_dev
[0m01:57:18.279551 [info ] [MainThread]:   schema: default
[0m01:57:18.285621 [info ] [MainThread]: Registered adapter: databricks=1.10.9
[0m01:57:18.705326 [debug] [MainThread]: Databricks adapter: DatabricksDBTConnection(session-id=None, name=debug) - Creating connection
[0m01:57:18.705326 [debug] [MainThread]: Acquiring new databricks connection 'debug'
[0m01:57:18.705326 [debug] [MainThread]: Using databricks connection "debug"
[0m01:57:18.707083 [debug] [MainThread]: On debug: select 1 as id
[0m01:57:18.707812 [debug] [MainThread]: Opening a new connection, currently in state init
[0m01:57:19.308036 [error] [MainThread]: databricks-sql-connector adapter: ThriftBackend.attempt_request: Exception: %s
[0m01:57:19.339830 [error] [MainThread]: Databricks adapter: Connection(session-id=Unknown) - Exception while trying to create connection: Error during request to server: : Credential was not sent or was of an unsupported type for this API.. 
Error properties: attempt=1/30, bounded-retry-delay=None, elapsed-seconds=0.5757043361663818/900.0, error-message=: Credential was not sent or was of an unsupported type for this API., http-code=401, method=OpenSession, no-retry-reason=non-retryable error, original-exception=, query-id=None, session-id=None
[0m01:57:19.340946 [debug] [MainThread]: Databricks adapter: Exception while trying to execute query
select 1 as id
: Database Error
  Error during request to server: : Credential was not sent or was of an unsupported type for this API.. 
[0m01:57:19.340946 [debug] [MainThread]: On debug: No close available on handle
[0m01:57:19.343297 [info ] [MainThread]:   Connection test: [[31mERROR[0m]

[0m01:57:19.344307 [info ] [MainThread]: [31m2 checks failed:[0m
[0m01:57:19.346669 [info ] [MainThread]: Project loading failed for the following reason:
 project path <C:\Prakriti Jain\Project\DBT_Project\dbt_project.yml> not found

[0m01:57:19.346669 [info ] [MainThread]: dbt was unable to connect to the specified database.
The database returned the following error:

  >Database Error
  Database Error
    Error during request to server: : Credential was not sent or was of an unsupported type for this API.. 

Check your database credentials and try again. For more information, visit:
https://docs.getdbt.com/docs/configure-your-profile


[0m01:57:19.349947 [debug] [MainThread]: Command `dbt debug` failed at 01:57:19.349947 after 3.70 seconds
[0m01:57:19.349947 [debug] [MainThread]: Sending event: {'category': 'dbt', 'action': 'invocation', 'label': 'end', 'context': [<snowplow_tracker.self_describing_json.SelfDescribingJson object at 0x000002084D238B50>, <snowplow_tracker.self_describing_json.SelfDescribingJson object at 0x000002084D23B790>, <snowplow_tracker.self_describing_json.SelfDescribingJson object at 0x000002084D1D2D50>]}
[0m01:57:19.351139 [debug] [MainThread]: Flushing usage events
[0m01:57:19.920572 [debug] [MainThread]: An error was encountered while trying to flush usage events
[0m02:10:01.494280 [debug] [MainThread]: Sending event: {'category': 'dbt', 'action': 'invocation', 'label': 'start', 'context': [<snowplow_tracker.self_describing_json.SelfDescribingJson object at 0x00000277E656E110>, <snowplow_tracker.self_describing_json.SelfDescribingJson object at 0x00000277E9DB9B50>, <snowplow_tracker.self_describing_json.SelfDescribingJson object at 0x00000277E9DB8E90>]}


============================== 02:10:01.504265 | 7c962864-865c-4760-bb86-ed92aac62c01 ==============================
[0m02:10:01.504265 [info ] [MainThread]: Running with dbt=1.11.3
[0m02:10:01.506433 [debug] [MainThread]: running dbt with arguments {'static_parser': 'True', 'no_print': 'None', 'version_check': 'True', 'warn_error_options': 'WarnErrorOptionsV2(error=[], warn=[], silence=[])', 'target_path': 'None', 'printer_width': '80', 'write_json': 'True', 'empty': 'None', 'log_cache_events': 'False', 'introspect': 'True', 'cache_selected_only': 'False', 'fail_fast': 'False', 'debug': 'False', 'log_format': 'default', 'profiles_dir': 'C:\\Users\\Prakr\\.dbt', 'send_anonymous_usage_stats': 'True', 'quiet': 'False', 'warn_error': 'None', 'partial_parse': 'True', 'use_colors': 'True', 'indirect_selection': 'eager', 'invocation_command': 'dbt init', 'use_experimental_parser': 'False', 'log_path': 'logs'}
[0m02:10:44.103812 [debug] [MainThread]: Starter project path: C:\Prakriti Jain\Project\DBT_Project\.venv\Lib\site-packages\dbt\include\starter_project
[0m02:10:44.166259 [info ] [MainThread]: 
Your new dbt project "DBT_Project_youtube_new" was created!

For more information on how to configure the profiles.yml file,
please consult the dbt documentation here:

  https://docs.getdbt.com/docs/configure-your-profile

One more thing:

Need help? Don't hesitate to reach out to us via GitHub issues or on Slack:

  https://community.getdbt.com/

Happy modeling!

[0m02:10:44.166259 [info ] [MainThread]: Setting up your profile.
[0m02:10:48.981539 [debug] [MainThread]: Spark adapter: Setting pyhive.hive logging to ERROR
[0m02:10:48.981539 [debug] [MainThread]: Spark adapter: Setting thrift.transport logging to ERROR
[0m02:10:48.982549 [debug] [MainThread]: Spark adapter: Setting thrift.protocol logging to ERROR
[0m02:14:33.169687 [info ] [MainThread]: Profile DBT_Project_youtube_new written to C:\Users\Prakr\.dbt\profiles.yml using target's profile_template.yml and your supplied values. Run 'dbt debug' to validate the connection.
[0m02:14:33.180007 [debug] [MainThread]: Command `dbt init` succeeded at 02:14:33.180007 after 271.78 seconds
[0m02:14:33.180007 [debug] [MainThread]: Sending event: {'category': 'dbt', 'action': 'invocation', 'label': 'end', 'context': [<snowplow_tracker.self_describing_json.SelfDescribingJson object at 0x00000277E9D5D910>, <snowplow_tracker.self_describing_json.SelfDescribingJson object at 0x00000277E9AF3F90>, <snowplow_tracker.self_describing_json.SelfDescribingJson object at 0x00000277E9AF3D10>]}
[0m02:14:33.180007 [debug] [MainThread]: Flushing usage events
[0m02:14:33.761072 [debug] [MainThread]: An error was encountered while trying to flush usage events
[0m02:14:43.377146 [debug] [MainThread]: Sending event: {'category': 'dbt', 'action': 'invocation', 'label': 'start', 'context': [<snowplow_tracker.self_describing_json.SelfDescribingJson object at 0x0000020AF9070A50>, <snowplow_tracker.self_describing_json.SelfDescribingJson object at 0x0000020AF9073490>, <snowplow_tracker.self_describing_json.SelfDescribingJson object at 0x0000020AF9070410>]}


============================== 02:14:43.384331 | 06a34aac-85cc-486a-8a37-fa9f4e1021d7 ==============================
[0m02:14:43.384331 [info ] [MainThread]: Running with dbt=1.11.3
[0m02:14:43.385585 [debug] [MainThread]: running dbt with arguments {'static_parser': 'True', 'no_print': 'None', 'version_check': 'True', 'warn_error_options': 'WarnErrorOptionsV2(error=[], warn=[], silence=[])', 'target_path': 'None', 'printer_width': '80', 'write_json': 'True', 'empty': 'None', 'log_cache_events': 'False', 'introspect': 'True', 'cache_selected_only': 'False', 'fail_fast': 'False', 'debug': 'False', 'log_format': 'default', 'profiles_dir': 'C:\\Users\\Prakr\\.dbt', 'send_anonymous_usage_stats': 'True', 'quiet': 'False', 'warn_error': 'None', 'partial_parse': 'True', 'indirect_selection': 'eager', 'invocation_command': 'dbt debug', 'use_colors': 'True', 'use_experimental_parser': 'False', 'log_path': 'logs'}
[0m02:14:43.428991 [info ] [MainThread]: dbt version: 1.11.3
[0m02:14:43.431523 [info ] [MainThread]: python version: 3.11.3
[0m02:14:43.432230 [info ] [MainThread]: python path: C:\Prakriti Jain\Project\DBT_Project\.venv\Scripts\python.exe
[0m02:14:43.433336 [info ] [MainThread]: os info: Windows-10-10.0.26200-SP0
[0m02:14:44.545185 [debug] [MainThread]: Spark adapter: Setting pyhive.hive logging to ERROR
[0m02:14:44.545185 [debug] [MainThread]: Spark adapter: Setting thrift.transport logging to ERROR
[0m02:14:44.545185 [debug] [MainThread]: Spark adapter: Setting thrift.protocol logging to ERROR
[0m02:14:45.829668 [info ] [MainThread]: Using profiles dir at C:\Users\Prakr\.dbt
[0m02:14:45.832515 [info ] [MainThread]: Using profiles.yml file at C:\Users\Prakr\.dbt\profiles.yml
[0m02:14:45.833149 [info ] [MainThread]: Using dbt_project.yml file at C:\Prakriti Jain\Project\DBT_Project\dbt_project.yml
[0m02:14:45.833149 [error] [MainThread]: Encountered an error:
Internal Error
  Profile should not be None if loading profile completed
[0m02:14:45.836320 [debug] [MainThread]: Command `dbt debug` failed at 02:14:45.836320 after 2.58 seconds
[0m02:14:45.837554 [debug] [MainThread]: Sending event: {'category': 'dbt', 'action': 'invocation', 'label': 'end', 'context': [<snowplow_tracker.self_describing_json.SelfDescribingJson object at 0x0000020AF907D890>, <snowplow_tracker.self_describing_json.SelfDescribingJson object at 0x0000020A96622690>, <snowplow_tracker.self_describing_json.SelfDescribingJson object at 0x0000020AF90DCF90>]}
[0m02:14:45.837554 [debug] [MainThread]: Flushing usage events
[0m02:14:46.651179 [debug] [MainThread]: An error was encountered while trying to flush usage events
[0m02:35:22.968350 [debug] [MainThread]: Sending event: {'category': 'dbt', 'action': 'invocation', 'label': 'start', 'context': [<snowplow_tracker.self_describing_json.SelfDescribingJson object at 0x000001B6DC226690>, <snowplow_tracker.self_describing_json.SelfDescribingJson object at 0x000001B6DC121650>, <snowplow_tracker.self_describing_json.SelfDescribingJson object at 0x000001B6DC122C10>]}


============================== 02:35:22.973475 | dff80e03-b951-48a7-b40e-cb0a934586f9 ==============================
[0m02:35:22.973475 [info ] [MainThread]: Running with dbt=1.11.3
[0m02:35:22.973475 [debug] [MainThread]: running dbt with arguments {'version_check': 'True', 'no_print': 'None', 'static_parser': 'True', 'warn_error_options': 'WarnErrorOptionsV2(error=[], warn=[], silence=[])', 'target_path': 'None', 'printer_width': '80', 'write_json': 'True', 'introspect': 'True', 'log_cache_events': 'False', 'empty': 'None', 'cache_selected_only': 'False', 'log_format': 'default', 'debug': 'False', 'fail_fast': 'False', 'profiles_dir': 'C:\\Users\\Prakr\\.dbt', 'send_anonymous_usage_stats': 'True', 'quiet': 'False', 'warn_error': 'None', 'partial_parse': 'True', 'indirect_selection': 'eager', 'invocation_command': 'dbt debug', 'use_colors': 'True', 'use_experimental_parser': 'False', 'log_path': 'logs'}
[0m02:35:22.989246 [info ] [MainThread]: dbt version: 1.11.3
[0m02:35:22.989246 [info ] [MainThread]: python version: 3.11.3
[0m02:35:22.989246 [info ] [MainThread]: python path: C:\Prakriti Jain\Project\DBT_Project\.venv\Scripts\python.exe
[0m02:35:22.991399 [info ] [MainThread]: os info: Windows-10-10.0.26200-SP0
[0m02:35:23.655547 [debug] [MainThread]: Spark adapter: Setting pyhive.hive logging to ERROR
[0m02:35:23.655547 [debug] [MainThread]: Spark adapter: Setting thrift.transport logging to ERROR
[0m02:35:23.657078 [debug] [MainThread]: Spark adapter: Setting thrift.protocol logging to ERROR
[0m02:35:24.127395 [info ] [MainThread]: Using profiles dir at C:\Users\Prakr\.dbt
[0m02:35:24.129411 [info ] [MainThread]: Using profiles.yml file at C:\Users\Prakr\.dbt\profiles.yml
[0m02:35:24.129411 [info ] [MainThread]: Using dbt_project.yml file at C:\Prakriti Jain\Project\DBT_Project\dbt_project.yml
[0m02:35:24.129411 [error] [MainThread]: Encountered an error:
Internal Error
  Profile should not be None if loading profile completed
[0m02:35:24.129411 [debug] [MainThread]: Command `dbt debug` failed at 02:35:24.129411 after 1.23 seconds
[0m02:35:24.132535 [debug] [MainThread]: Sending event: {'category': 'dbt', 'action': 'invocation', 'label': 'end', 'context': [<snowplow_tracker.self_describing_json.SelfDescribingJson object at 0x000001B6DC1F9AD0>, <snowplow_tracker.self_describing_json.SelfDescribingJson object at 0x000001B6DC25C710>, <snowplow_tracker.self_describing_json.SelfDescribingJson object at 0x000001B6D5479F50>]}
[0m02:35:24.132535 [debug] [MainThread]: Flushing usage events
[0m02:35:24.563745 [debug] [MainThread]: An error was encountered while trying to flush usage events
[0m14:36:49.956964 [debug] [MainThread]: Sending event: {'category': 'dbt', 'action': 'invocation', 'label': 'start', 'context': [<snowplow_tracker.self_describing_json.SelfDescribingJson object at 0x0000013F20251C90>, <snowplow_tracker.self_describing_json.SelfDescribingJson object at 0x0000013F2024BD10>, <snowplow_tracker.self_describing_json.SelfDescribingJson object at 0x0000013F202B3910>]}


============================== 14:36:49.962510 | 112cb4e8-9456-4429-9869-4d88ccea8925 ==============================
[0m14:36:49.962510 [info ] [MainThread]: Running with dbt=1.11.3
[0m14:36:49.963587 [debug] [MainThread]: running dbt with arguments {'version_check': 'True', 'no_print': 'None', 'static_parser': 'True', 'target_path': 'None', 'warn_error_options': 'WarnErrorOptionsV2(error=[], warn=[], silence=[])', 'printer_width': '80', 'write_json': 'True', 'empty': 'None', 'log_cache_events': 'False', 'introspect': 'True', 'cache_selected_only': 'False', 'fail_fast': 'False', 'debug': 'False', 'log_format': 'default', 'profiles_dir': 'C:\\Users\\Prakr\\.dbt', 'send_anonymous_usage_stats': 'True', 'quiet': 'False', 'warn_error': 'None', 'partial_parse': 'True', 'invocation_command': 'dbt clean', 'use_colors': 'True', 'indirect_selection': 'eager', 'use_experimental_parser': 'False', 'log_path': 'logs'}
[0m14:36:49.964108 [error] [MainThread]: Encountered an error:
Runtime Error
  No dbt_project.yml found at expected path C:\Prakriti Jain\Project\DBT_Project\dbt_project.yml
  Verify that each entry within packages.yml (and their transitive dependencies) contains a file named dbt_project.yml
  
[0m14:36:49.965222 [debug] [MainThread]: Command `dbt clean` failed at 14:36:49.965222 after 0.07 seconds
[0m14:36:49.965752 [debug] [MainThread]: Sending event: {'category': 'dbt', 'action': 'invocation', 'label': 'end', 'context': [<snowplow_tracker.self_describing_json.SelfDescribingJson object at 0x0000013F1FFFC050>, <snowplow_tracker.self_describing_json.SelfDescribingJson object at 0x0000013F2025D790>, <snowplow_tracker.self_describing_json.SelfDescribingJson object at 0x0000013F1951A090>]}
[0m14:36:49.966322 [debug] [MainThread]: Flushing usage events
[0m14:36:50.460829 [debug] [MainThread]: An error was encountered while trying to flush usage events
[0m14:37:41.949759 [debug] [MainThread]: Sending event: {'category': 'dbt', 'action': 'invocation', 'label': 'start', 'context': [<snowplow_tracker.self_describing_json.SelfDescribingJson object at 0x0000022092040990>, <snowplow_tracker.self_describing_json.SelfDescribingJson object at 0x0000022091F72C90>, <snowplow_tracker.self_describing_json.SelfDescribingJson object at 0x0000022092041450>]}


============================== 14:37:41.953753 | 8c461cf1-b4f1-48ab-b4c6-f82b3847eab1 ==============================
[0m14:37:41.953753 [info ] [MainThread]: Running with dbt=1.11.3
[0m14:37:41.956206 [debug] [MainThread]: running dbt with arguments {'static_parser': 'True', 'no_print': 'None', 'version_check': 'True', 'target_path': 'None', 'warn_error_options': 'WarnErrorOptionsV2(error=[], warn=[], silence=[])', 'printer_width': '80', 'write_json': 'True', 'empty': 'None', 'log_cache_events': 'False', 'introspect': 'True', 'cache_selected_only': 'False', 'log_format': 'default', 'debug': 'False', 'fail_fast': 'False', 'profiles_dir': 'C:\\Users\\Prakr\\.dbt', 'send_anonymous_usage_stats': 'True', 'quiet': 'False', 'warn_error': 'None', 'partial_parse': 'True', 'use_colors': 'True', 'indirect_selection': 'eager', 'invocation_command': 'dbt clean', 'use_experimental_parser': 'False', 'log_path': 'logs'}
[0m14:37:41.957164 [error] [MainThread]: Encountered an error:
Runtime Error
  No dbt_project.yml found at expected path C:\Prakriti Jain\Project\DBT_Project\dbt_project.yml
  Verify that each entry within packages.yml (and their transitive dependencies) contains a file named dbt_project.yml
  
[0m14:37:41.958443 [debug] [MainThread]: Command `dbt clean` failed at 14:37:41.958443 after 0.08 seconds
[0m14:37:41.958981 [debug] [MainThread]: Sending event: {'category': 'dbt', 'action': 'invocation', 'label': 'end', 'context': [<snowplow_tracker.self_describing_json.SelfDescribingJson object at 0x000002209116BFD0>, <snowplow_tracker.self_describing_json.SelfDescribingJson object at 0x0000022092087650>, <snowplow_tracker.self_describing_json.SelfDescribingJson object at 0x000002209203BA50>]}
[0m14:37:41.958981 [debug] [MainThread]: Flushing usage events
[0m14:37:42.434322 [debug] [MainThread]: An error was encountered while trying to flush usage events
[0m14:35:51.999218 [debug] [MainThread]: Sending event: {'category': 'dbt', 'action': 'invocation', 'label': 'start', 'context': [<snowplow_tracker.self_describing_json.SelfDescribingJson object at 0x00000226F5C4BF90>, <snowplow_tracker.self_describing_json.SelfDescribingJson object at 0x00000226F5BF3B90>, <snowplow_tracker.self_describing_json.SelfDescribingJson object at 0x00000226F5BF3410>]}


============================== 14:35:52.005928 | badec0fb-241d-4b5f-9233-c1f5196772b3 ==============================
[0m14:35:52.005928 [info ] [MainThread]: Running with dbt=1.11.3
[0m14:35:52.005928 [debug] [MainThread]: running dbt with arguments {'version_check': 'True', 'no_print': 'None', 'static_parser': 'True', 'target_path': 'None', 'warn_error_options': 'WarnErrorOptionsV2(error=[], warn=[], silence=[])', 'printer_width': '80', 'write_json': 'True', 'introspect': 'True', 'log_cache_events': 'False', 'empty': 'None', 'cache_selected_only': 'False', 'fail_fast': 'False', 'debug': 'False', 'log_format': 'default', 'profiles_dir': 'C:\\Users\\Prakr\\.dbt', 'send_anonymous_usage_stats': 'True', 'quiet': 'False', 'warn_error': 'None', 'partial_parse': 'True', 'indirect_selection': 'eager', 'use_colors': 'True', 'invocation_command': 'dbt debug', 'use_experimental_parser': 'False', 'log_path': 'logs'}
[0m14:35:52.028800 [info ] [MainThread]: dbt version: 1.11.3
[0m14:35:52.028800 [info ] [MainThread]: python version: 3.11.3
[0m14:35:52.028800 [info ] [MainThread]: python path: C:\Prakriti Jain\Project\DBT_Project\.venv\Scripts\python.exe
[0m14:35:52.028800 [info ] [MainThread]: os info: Windows-10-10.0.26200-SP0
[0m14:35:53.207359 [debug] [MainThread]: Spark adapter: Setting pyhive.hive logging to ERROR
[0m14:35:53.208419 [debug] [MainThread]: Spark adapter: Setting thrift.transport logging to ERROR
[0m14:35:53.208962 [debug] [MainThread]: Spark adapter: Setting thrift.protocol logging to ERROR
[0m14:35:54.266260 [info ] [MainThread]: Using profiles dir at C:\Users\Prakr\.dbt
[0m14:35:54.267882 [info ] [MainThread]: Using profiles.yml file at C:\Users\Prakr\.dbt\profiles.yml
[0m14:35:54.268412 [info ] [MainThread]: Using dbt_project.yml file at C:\Prakriti Jain\Project\DBT_Project\dbt_project.yml
[0m14:35:54.268963 [error] [MainThread]: Encountered an error:
Internal Error
  Profile should not be None if loading profile completed
[0m14:35:54.271381 [debug] [MainThread]: Command `dbt debug` failed at 14:35:54.270838 after 2.40 seconds
[0m14:35:54.271381 [debug] [MainThread]: Sending event: {'category': 'dbt', 'action': 'invocation', 'label': 'end', 'context': [<snowplow_tracker.self_describing_json.SelfDescribingJson object at 0x00000226F5BFD990>, <snowplow_tracker.self_describing_json.SelfDescribingJson object at 0x00000226FF780090>, <snowplow_tracker.self_describing_json.SelfDescribingJson object at 0x00000226F5C37650>]}
[0m14:35:54.271381 [debug] [MainThread]: Flushing usage events
[0m14:35:54.835151 [debug] [MainThread]: An error was encountered while trying to flush usage events
[0m23:45:37.341435 [debug] [MainThread]: Sending event: {'category': 'dbt', 'action': 'invocation', 'label': 'start', 'context': [<snowplow_tracker.self_describing_json.SelfDescribingJson object at 0x0000010A254A8C90>, <snowplow_tracker.self_describing_json.SelfDescribingJson object at 0x0000010A28BDBFD0>, <snowplow_tracker.self_describing_json.SelfDescribingJson object at 0x0000010A28BDB750>]}


============================== 23:45:37.351674 | f9eaebcc-6da6-4743-ab47-42e3401d0e09 ==============================
[0m23:45:37.351674 [info ] [MainThread]: Running with dbt=1.11.2
[0m23:45:37.356214 [debug] [MainThread]: running dbt with arguments {'static_parser': 'True', 'no_print': 'None', 'version_check': 'True', 'target_path': 'None', 'warn_error_options': 'WarnErrorOptionsV2(error=[], warn=[], silence=[])', 'printer_width': '80', 'write_json': 'True', 'empty': 'False', 'log_cache_events': 'False', 'introspect': 'True', 'cache_selected_only': 'False', 'log_format': 'default', 'debug': 'False', 'fail_fast': 'False', 'profiles_dir': 'C:\\Users\\Prakr\\.dbt', 'send_anonymous_usage_stats': 'True', 'quiet': 'False', 'warn_error': 'None', 'partial_parse': 'True', 'invocation_command': 'dbt run', 'use_colors': 'True', 'indirect_selection': 'eager', 'use_experimental_parser': 'False', 'log_path': 'logs'}
[0m23:45:37.358466 [error] [MainThread]: Encountered an error:
Runtime Error
  No dbt_project.yml found at expected path C:\Prakriti Jain\Project\DBT_Project\dbt_project.yml
  Verify that each entry within packages.yml (and their transitive dependencies) contains a file named dbt_project.yml
  
[0m23:45:37.358876 [debug] [MainThread]: Command `dbt run` failed at 23:45:37.358876 after 0.32 seconds
[0m23:45:37.361944 [debug] [MainThread]: Sending event: {'category': 'dbt', 'action': 'invocation', 'label': 'end', 'context': [<snowplow_tracker.self_describing_json.SelfDescribingJson object at 0x0000010A21E5EE90>, <snowplow_tracker.self_describing_json.SelfDescribingJson object at 0x0000010A28B69910>, <snowplow_tracker.self_describing_json.SelfDescribingJson object at 0x0000010A28B6BED0>]}
[0m23:45:37.361944 [debug] [MainThread]: Flushing usage events
[0m23:45:38.162292 [debug] [MainThread]: An error was encountered while trying to flush usage events
